1589601143949	mozrunner::runner	INFO	Running command: "C:\\Program Files\\Mozilla Firefox\\firefox.exe" "-marionette" "-foreground" "-no-remote" "-profile" "C:\\Users\\PC\\AppData\\Local\\Temp\\rust_mozprofile9z3qUU"
1589601144289	addons.webextension.doh-rollout@mozilla.org	WARN	Loading extension 'doh-rollout@mozilla.org': Reading manifest: Invalid extension permission: networkStatus
1589601144300	addons.webextension.screenshots@mozilla.org	WARN	Loading extension 'screenshots@mozilla.org': Reading manifest: Invalid extension permission: mozillaAddons
1589601144300	addons.webextension.screenshots@mozilla.org	WARN	Loading extension 'screenshots@mozilla.org': Reading manifest: Invalid extension permission: telemetry
1589601144300	addons.webextension.screenshots@mozilla.org	WARN	Loading extension 'screenshots@mozilla.org': Reading manifest: Invalid extension permission: resource://pdf.js/
1589601144300	addons.webextension.screenshots@mozilla.org	WARN	Loading extension 'screenshots@mozilla.org': Reading manifest: Invalid extension permission: about:reader*
JavaScript error: resource://gre/modules/XULStore.jsm, line 66: Error: Can't find profile directory.
JavaScript error: chrome://browser/content/browser-pageActions.js, line 1219: TypeError: this.action is undefined
JavaScript error: chrome://browser/content/browser-places.js, line 1766: TypeError: PageActions.actionForID(...) is undefined
WARNING: content window passed to PrivateBrowsingUtils.isWindowPrivate. Use isContentWindowPrivate instead (but only for frame scripts).
pbu_isWindowPrivate@resource://gre/modules/PrivateBrowsingUtils.jsm:27:11
isBrowserPrivate@resource://gre/modules/PrivateBrowsingUtils.jsm:47:19
loadURI@resource://gre/modules/RemoteWebNavigation.jsm:70:51
loadURI/<@chrome://global/content/elements/browser-custom-element.js:1002:28
_wrapURIChangeCall@chrome://global/content/elements/browser-custom-element.js:941:9
loadURI@chrome://global/content/elements/browser-custom-element.js:1001:12
render/<@chrome://mozapps/content/extensions/aboutaddons.js:1967:15
render@chrome://mozapps/content/extensions/aboutaddons.js:1926:11
1589601145921	Marionette	INFO	Listening on port 50093
1589601145958	Marionette	WARN	TLS certificate errors will be ignored for this session
1589601163039	Marionette	INFO	Stopped listening on port 50093

###!!! [Child][RunMessage] Error: Channel closing: too late to send/recv, messages will be lost


###!!! [Child][MessageChannel::SendAndWait] Error: Channel error: cannot send/recv

